0 info it worked if it ends with ok
1 verbose cli [ '/usr/local/Cellar/node/5.1.1/bin/node',
1 verbose cli   '/Users/gabrielse/.npm-packages/bin/npm',
1 verbose cli   'run',
1 verbose cli   'deploy' ]
2 info using npm@3.5.1
3 info using node@v5.1.1
4 verbose stack Error: ENOENT: no such file or directory, open '/Users/gabrielse/Projects/Sites/hayleygabrielse.github.io/package.json'
4 verbose stack     at Error (native)
5 verbose cwd /Users/gabrielse/Projects/Sites/hayleygabrielse.github.io
6 error Darwin 14.5.0
7 error argv "/usr/local/Cellar/node/5.1.1/bin/node" "/Users/gabrielse/.npm-packages/bin/npm" "run" "deploy"
8 error node v5.1.1
9 error npm  v3.5.1
10 error path /Users/gabrielse/Projects/Sites/hayleygabrielse.github.io/package.json
11 error code ENOENT
12 error errno -2
13 error syscall open
14 error enoent ENOENT: no such file or directory, open '/Users/gabrielse/Projects/Sites/hayleygabrielse.github.io/package.json'
15 error enoent ENOENT: no such file or directory, open '/Users/gabrielse/Projects/Sites/hayleygabrielse.github.io/package.json'
15 error enoent This is most likely not a problem with npm itself
15 error enoent and is related to npm not being able to find a file.
16 verbose exit [ -2, true ]
